
// ==========================================================================
//  GPPG error listing for yacc source file <SimpleYacc.y - 22.11.2019 21:07:48>
// ==========================================================================
//  Version:  1.5.0
//  Machine:  MIL8A-202A-03
//  DateTime: 22.11.2019 21:07:53
//  UserName: user
// ==========================================================================


%{
// Ýòè îáúÿâëåíèÿ äîáàâëÿþòñÿ â êëàññ GPPGParser, ïðåäñòàâëÿþùèé ñîáîé ïàðñåð, ãåíåðèðóåìûé ñèñòåìîé gppg
    public Parser(AbstractScanner<int, LexLocation> scanner) : base(scanner) { }
%}

%output = SimpleYacc.cs

%namespace SimpleParser

%token BEGIN END CYCLE INUM RNUM ID ASSIGN SEMICOLON FOR DO TO WHILE IF THEN ELSE

%%
// Warning: NonTerminal symbol "while" is unreachable
// --------------------------------------------------

progr   : block
		;

stlist	: statement 
		| stlist SEMICOLON statement 
		;

statement: assign
		| block  
		| cycle 
		| for
		| if

		;

ident 	: ID 
		;
	
assign 	: ident ASSIGN expr 
		;

expr	: ident  
		| INUM 
		;

block	: BEGIN stlist END 
		;

cycle	: CYCLE expr statement 
		;

for		: FOR assign TO expr DO stlist
		;

if		: IF expr THEN stlist ELSE stlist
		;
while	: WHILE expr DO statement
		;
	
%%
// ==========================================================================

